This file contains any messages produced by compilers while
running configure, to aid debugging if configure makes a mistake.

It was created by libnet configure 1.2-rc3, which was
generated by GNU Autoconf 2.69.  Invocation command line was

  $ ./configure --enable-shared --enable-static --prefix=/home/jiamu/work/luochao/compat-packages-openwrt/traffic-insight-cmcc/libnet-1.2-rc3/../_install --host=mips-buildroot-linux-uclibc

## --------- ##
## Platform. ##
## --------- ##

hostname = jiamu-virtual-machine
uname -m = x86_64
uname -r = 4.15.0-43-generic
uname -s = Linux
uname -v = #46-Ubuntu SMP Thu Dec 6 14:45:28 UTC 2018

/usr/bin/uname -p = unknown
/bin/uname -X     = unknown

/bin/arch              = unknown
/usr/bin/arch -k       = unknown
/usr/convex/getsysinfo = unknown
/usr/bin/hostinfo      = unknown
/bin/machine           = unknown
/usr/bin/oslevel       = unknown
/bin/universe          = unknown

PATH: /usr/local/sbin
PATH: /usr/local/bin
PATH: /usr/sbin
PATH: /usr/bin
PATH: /sbin
PATH: /bin
PATH: /usr/games
PATH: /usr/local/games
PATH: /snap/bin
PATH: /opt/OpenWrt-Toolchain-ramips-for-mipsel_24kec+dsp-gcc-4.8-linaro_uClibc-0.9.33.2/toolchain-mipsel_24kec+dsp_gcc-4.8-linaro_uClibc-0.9.33.2/bin
PATH: /opt/OpenWrt-Toolchain-ramips-for-mipsel_24kec+dsp-gcc-4.8-linaro_uClibc-0.9.33.2/toolchain-mipsel_24kec+dsp_gcc-4.8-linaro_uClibc-0.9.33.2/bin
PATH: /opt/mips-linux-uclibc-4.9.3/usr/bin
PATH: /opt/OpenWrt-Toolchain-ramips-for-mipsel_24kec+dsp-gcc-4.8-linaro_uClibc-0.9.33.2/toolchain-mipsel_24kec+dsp_gcc-4.8-linaro_uClibc-0.9.33.2/bin
PATH: /opt/mips-linux-uclibc-4.9.3/usr/bin


## ----------- ##
## Core tests. ##
## ----------- ##

configure:2279: result: beginning autoconfiguration process for libnet-1.2-rc3 ...
configure:2314: checking build system type
configure:2328: result: x86_64-unknown-linux-gnu
configure:2348: checking host system type
configure:2361: result: mips-buildroot-linux-uclibc
configure:2381: checking target system type
configure:2394: result: mips-buildroot-linux-uclibc
configure:2438: checking for a BSD-compatible install
configure:2506: result: /usr/bin/install -c
configure:2517: checking whether build environment is sane
configure:2572: result: yes
configure:2610: WARNING: 'missing' script is too old or missing
configure:2631: checking for mips-buildroot-linux-uclibc-strip
configure:2647: found /opt/mips-linux-uclibc-4.9.3/usr/bin/mips-buildroot-linux-uclibc-strip
configure:2658: result: mips-buildroot-linux-uclibc-strip
configure:2723: checking for a thread-safe mkdir -p
configure:2762: result: /bin/mkdir -p
configure:2769: checking for gawk
configure:2785: found /usr/bin/gawk
configure:2796: result: gawk
configure:2807: checking whether make sets $(MAKE)
configure:2829: result: yes
configure:2858: checking whether make supports nested variables
configure:2875: result: yes
configure:2962: checking whether to enable maintainer-specific portions of Makefiles
configure:2971: result: no
configure:2993: checking for mips-buildroot-linux-uclibc-gcc
configure:3009: found /opt/mips-linux-uclibc-4.9.3/usr/bin/mips-buildroot-linux-uclibc-gcc
configure:3020: result: mips-buildroot-linux-uclibc-gcc
configure:3289: checking for C compiler version
configure:3298: mips-buildroot-linux-uclibc-gcc --version >&5
mips-buildroot-linux-uclibc-gcc (Buildroot 2015.08.1) 4.9.3
Copyright (C) 2015 Free Software Foundation, Inc.
This is free software; see the source for copying conditions.  There is NO
warranty; not even for MERCHANTABILITY or FITNESS FOR A PARTICULAR PURPOSE.

configure:3309: $? = 0
configure:3298: mips-buildroot-linux-uclibc-gcc -v >&5
Using built-in specs.
COLLECT_GCC=mips-buildroot-linux-uclibc-gcc
COLLECT_LTO_WRAPPER=/opt/mips-linux-uclibc-4.9.3/usr/bin/../libexec/gcc/mips-buildroot-linux-uclibc/4.9.3/lto-wrapper
Target: mips-buildroot-linux-uclibc
Configured with: ./configure --prefix=/opt/trendchip/mips-linux-uclibc-4.9.3/usr --sysconfdir=/opt/trendchip/mips-linux-uclibc-4.9.3/etc --enable-static --target=mips-buildroot-linux-uclibc --with-sysroot=/opt/trendchip/mips-linux-uclibc-4.9.3/usr/mips-buildroot-linux-uclibc/sysroot --disable-__cxa_atexit --with-gnu-ld --disable-libssp --disable-multilib --with-gmp=/opt/trendchip/mips-linux-uclibc-4.9.3/usr --with-mpfr=/opt/trendchip/mips-linux-uclibc-4.9.3/usr --with-pkgversion='Buildroot 2015.08.1' --with-bugurl=http://bugs.buildroot.net/ --disable-libsanitizer --enable-tls --disable-libmudflap --enable-threads --with-mpc=/opt/trendchip/mips-linux-uclibc-4.9.3/usr --without-isl --without-cloog --with-float=soft --disable-decimal-float --with-arch=mips32r2 --with-abi=32 --enable-languages=c,c++ --enable-poison-system-directories --with-build-time-tools=/opt/trendchip/mips-linux-uclibc-4.9.3/usr/mips-buildroot-linux-uclibc/bin --enable-shared --disable-libgomp
Thread model: posix
gcc version 4.9.3 (Buildroot 2015.08.1) 
configure:3309: $? = 0
configure:3298: mips-buildroot-linux-uclibc-gcc -V >&5
mips-buildroot-linux-uclibc-gcc: error: unrecognized command line option '-V'
mips-buildroot-linux-uclibc-gcc: fatal error: no input files
compilation terminated.
configure:3309: $? = 1
configure:3298: mips-buildroot-linux-uclibc-gcc -qversion >&5
mips-buildroot-linux-uclibc-gcc: error: unrecognized command line option '-qversion'
mips-buildroot-linux-uclibc-gcc: fatal error: no input files
compilation terminated.
configure:3309: $? = 1
configure:3329: checking whether the C compiler works
configure:3351: mips-buildroot-linux-uclibc-gcc    conftest.c  >&5
configure:3355: $? = 0
configure:3403: result: yes
configure:3406: checking for C compiler default output file name
configure:3408: result: a.out
configure:3414: checking for suffix of executables
configure:3421: mips-buildroot-linux-uclibc-gcc -o conftest    conftest.c  >&5
configure:3425: $? = 0
configure:3447: result: 
configure:3469: checking whether we are cross compiling
configure:3477: mips-buildroot-linux-uclibc-gcc -o conftest    conftest.c  >&5
configure:3481: $? = 0
configure:3488: ./conftest
./configure: line 3490: ./conftest: cannot execute binary file: Exec format error
configure:3492: $? = 126
configure:3507: result: yes
configure:3512: checking for suffix of object files
configure:3534: mips-buildroot-linux-uclibc-gcc -c   conftest.c >&5
configure:3538: $? = 0
configure:3559: result: o
configure:3563: checking whether we are using the GNU C compiler
configure:3582: mips-buildroot-linux-uclibc-gcc -c   conftest.c >&5
configure:3582: $? = 0
configure:3591: result: yes
configure:3600: checking whether mips-buildroot-linux-uclibc-gcc accepts -g
configure:3620: mips-buildroot-linux-uclibc-gcc -c -g  conftest.c >&5
configure:3620: $? = 0
configure:3661: result: yes
configure:3678: checking for mips-buildroot-linux-uclibc-gcc option to accept ISO C89
configure:3741: mips-buildroot-linux-uclibc-gcc  -c -g -O2  conftest.c >&5
configure:3741: $? = 0
configure:3754: result: none needed
configure:3785: checking for style of include used by make
configure:3813: result: GNU
configure:3839: checking dependency style of mips-buildroot-linux-uclibc-gcc
configure:3950: result: none
configure:3972: checking how to run the C preprocessor
configure:4003: mips-buildroot-linux-uclibc-gcc -E  conftest.c
configure:4003: $? = 0
configure:4017: mips-buildroot-linux-uclibc-gcc -E  conftest.c
conftest.c:11:28: fatal error: ac_nonexistent.h: No such file or directory
 #include <ac_nonexistent.h>
                            ^
compilation terminated.
configure:4017: $? = 1
configure: failed program was:
| /* confdefs.h */
| #define PACKAGE_NAME "libnet"
| #define PACKAGE_TARNAME "libnet"
| #define PACKAGE_VERSION "1.2-rc3"
| #define PACKAGE_STRING "libnet 1.2-rc3"
| #define PACKAGE_BUGREPORT ""
| #define PACKAGE_URL ""
| #define PACKAGE "libnet"
| #define VERSION "1.2-rc3"
| /* end confdefs.h.  */
| #include <ac_nonexistent.h>
configure:4042: result: mips-buildroot-linux-uclibc-gcc -E
configure:4062: mips-buildroot-linux-uclibc-gcc -E  conftest.c
configure:4062: $? = 0
configure:4076: mips-buildroot-linux-uclibc-gcc -E  conftest.c
conftest.c:11:28: fatal error: ac_nonexistent.h: No such file or directory
 #include <ac_nonexistent.h>
                            ^
compilation terminated.
configure:4076: $? = 1
configure: failed program was:
| /* confdefs.h */
| #define PACKAGE_NAME "libnet"
| #define PACKAGE_TARNAME "libnet"
| #define PACKAGE_VERSION "1.2-rc3"
| #define PACKAGE_STRING "libnet 1.2-rc3"
| #define PACKAGE_BUGREPORT ""
| #define PACKAGE_URL ""
| #define PACKAGE "libnet"
| #define VERSION "1.2-rc3"
| /* end confdefs.h.  */
| #include <ac_nonexistent.h>
configure:4105: checking for grep that handles long lines and -e
configure:4163: result: /bin/grep
configure:4168: checking for egrep
configure:4230: result: /bin/grep -E
configure:4235: checking for ANSI C header files
configure:4255: mips-buildroot-linux-uclibc-gcc -c -g -O2  conftest.c >&5
configure:4255: $? = 0
configure:4339: result: yes
configure:4352: checking for sys/types.h
configure:4352: mips-buildroot-linux-uclibc-gcc -c -g -O2  conftest.c >&5
configure:4352: $? = 0
configure:4352: result: yes
configure:4352: checking for sys/stat.h
configure:4352: mips-buildroot-linux-uclibc-gcc -c -g -O2  conftest.c >&5
configure:4352: $? = 0
configure:4352: result: yes
configure:4352: checking for stdlib.h
configure:4352: mips-buildroot-linux-uclibc-gcc -c -g -O2  conftest.c >&5
configure:4352: $? = 0
configure:4352: result: yes
configure:4352: checking for string.h
configure:4352: mips-buildroot-linux-uclibc-gcc -c -g -O2  conftest.c >&5
configure:4352: $? = 0
configure:4352: result: yes
configure:4352: checking for memory.h
configure:4352: mips-buildroot-linux-uclibc-gcc -c -g -O2  conftest.c >&5
configure:4352: $? = 0
configure:4352: result: yes
configure:4352: checking for strings.h
configure:4352: mips-buildroot-linux-uclibc-gcc -c -g -O2  conftest.c >&5
configure:4352: $? = 0
configure:4352: result: yes
configure:4352: checking for inttypes.h
configure:4352: mips-buildroot-linux-uclibc-gcc -c -g -O2  conftest.c >&5
configure:4352: $? = 0
configure:4352: result: yes
configure:4352: checking for stdint.h
configure:4352: mips-buildroot-linux-uclibc-gcc -c -g -O2  conftest.c >&5
configure:4352: $? = 0
configure:4352: result: yes
configure:4352: checking for unistd.h
configure:4352: mips-buildroot-linux-uclibc-gcc -c -g -O2  conftest.c >&5
configure:4352: $? = 0
configure:4352: result: yes
configure:4365: checking minix/config.h usability
configure:4365: mips-buildroot-linux-uclibc-gcc -c -g -O2  conftest.c >&5
conftest.c:54:26: fatal error: minix/config.h: No such file or directory
 #include <minix/config.h>
                          ^
compilation terminated.
configure:4365: $? = 1
configure: failed program was:
| /* confdefs.h */
| #define PACKAGE_NAME "libnet"
| #define PACKAGE_TARNAME "libnet"
| #define PACKAGE_VERSION "1.2-rc3"
| #define PACKAGE_STRING "libnet 1.2-rc3"
| #define PACKAGE_BUGREPORT ""
| #define PACKAGE_URL ""
| #define PACKAGE "libnet"
| #define VERSION "1.2-rc3"
| #define STDC_HEADERS 1
| #define HAVE_SYS_TYPES_H 1
| #define HAVE_SYS_STAT_H 1
| #define HAVE_STDLIB_H 1
| #define HAVE_STRING_H 1
| #define HAVE_MEMORY_H 1
| #define HAVE_STRINGS_H 1
| #define HAVE_INTTYPES_H 1
| #define HAVE_STDINT_H 1
| #define HAVE_UNISTD_H 1
| /* end confdefs.h.  */
| #include <stdio.h>
| #ifdef HAVE_SYS_TYPES_H
| # include <sys/types.h>
| #endif
| #ifdef HAVE_SYS_STAT_H
| # include <sys/stat.h>
| #endif
| #ifdef STDC_HEADERS
| # include <stdlib.h>
| # include <stddef.h>
| #else
| # ifdef HAVE_STDLIB_H
| #  include <stdlib.h>
| # endif
| #endif
| #ifdef HAVE_STRING_H
| # if !defined STDC_HEADERS && defined HAVE_MEMORY_H
| #  include <memory.h>
| # endif
| # include <string.h>
| #endif
| #ifdef HAVE_STRINGS_H
| # include <strings.h>
| #endif
| #ifdef HAVE_INTTYPES_H
| # include <inttypes.h>
| #endif
| #ifdef HAVE_STDINT_H
| # include <stdint.h>
| #endif
| #ifdef HAVE_UNISTD_H
| # include <unistd.h>
| #endif
| #include <minix/config.h>
configure:4365: result: no
configure:4365: checking minix/config.h presence
configure:4365: mips-buildroot-linux-uclibc-gcc -E  conftest.c
conftest.c:21:26: fatal error: minix/config.h: No such file or directory
 #include <minix/config.h>
                          ^
compilation terminated.
configure:4365: $? = 1
configure: failed program was:
| /* confdefs.h */
| #define PACKAGE_NAME "libnet"
| #define PACKAGE_TARNAME "libnet"
| #define PACKAGE_VERSION "1.2-rc3"
| #define PACKAGE_STRING "libnet 1.2-rc3"
| #define PACKAGE_BUGREPORT ""
| #define PACKAGE_URL ""
| #define PACKAGE "libnet"
| #define VERSION "1.2-rc3"
| #define STDC_HEADERS 1
| #define HAVE_SYS_TYPES_H 1
| #define HAVE_SYS_STAT_H 1
| #define HAVE_STDLIB_H 1
| #define HAVE_STRING_H 1
| #define HAVE_MEMORY_H 1
| #define HAVE_STRINGS_H 1
| #define HAVE_INTTYPES_H 1
| #define HAVE_STDINT_H 1
| #define HAVE_UNISTD_H 1
| /* end confdefs.h.  */
| #include <minix/config.h>
configure:4365: result: no
configure:4365: checking for minix/config.h
configure:4365: result: no
configure:4386: checking whether it is safe to define __EXTENSIONS__
configure:4404: mips-buildroot-linux-uclibc-gcc -c -g -O2  conftest.c >&5
configure:4404: $? = 0
configure:4411: result: yes
configure:4471: checking how to print strings
configure:4498: result: printf
configure:4519: checking for a sed that does not truncate output
configure:4583: result: /bin/sed
configure:4601: checking for fgrep
configure:4663: result: /bin/grep -F
configure:4698: checking for ld used by mips-buildroot-linux-uclibc-gcc
configure:4765: result: /opt/mips-linux-uclibc-4.9.3/usr/mips-buildroot-linux-uclibc/bin/ld
configure:4772: checking if the linker (/opt/mips-linux-uclibc-4.9.3/usr/mips-buildroot-linux-uclibc/bin/ld) is GNU ld
configure:4787: result: yes
configure:4799: checking for BSD- or MS-compatible name lister (nm)
configure:4848: result: /opt/mips-linux-uclibc-4.9.3/usr/bin/mips-buildroot-linux-uclibc-nm -B
configure:4978: checking the name lister (/opt/mips-linux-uclibc-4.9.3/usr/bin/mips-buildroot-linux-uclibc-nm -B) interface
configure:4985: mips-buildroot-linux-uclibc-gcc -c -g -O2  conftest.c >&5
configure:4988: /opt/mips-linux-uclibc-4.9.3/usr/bin/mips-buildroot-linux-uclibc-nm -B "conftest.o"
configure:4991: output
00000000 B some_variable
configure:4998: result: BSD nm
configure:5001: checking whether ln -s works
configure:5005: result: yes
configure:5013: checking the maximum length of command line arguments
configure:5144: result: 1572864
configure:5161: checking whether the shell understands some XSI constructs
configure:5171: result: yes
configure:5175: checking whether the shell understands "+="
configure:5181: result: yes
configure:5216: checking how to convert x86_64-unknown-linux-gnu file names to mips-buildroot-linux-uclibc format
configure:5256: result: func_convert_file_noop
configure:5263: checking how to convert x86_64-unknown-linux-gnu file names to toolchain format
configure:5283: result: func_convert_file_noop
configure:5290: checking for /opt/mips-linux-uclibc-4.9.3/usr/mips-buildroot-linux-uclibc/bin/ld option to reload object files
configure:5297: result: -r
configure:5331: checking for mips-buildroot-linux-uclibc-objdump
configure:5347: found /opt/mips-linux-uclibc-4.9.3/usr/bin/mips-buildroot-linux-uclibc-objdump
configure:5358: result: mips-buildroot-linux-uclibc-objdump
configure:5430: checking how to recognize dependent libraries
configure:5628: result: pass_all
configure:5673: checking for mips-buildroot-linux-uclibc-dlltool
configure:5703: result: no
configure:5713: checking for dlltool
configure:5743: result: no
configure:5773: checking how to associate runtime and link libraries
configure:5800: result: printf %s\n
configure:5816: checking for mips-buildroot-linux-uclibc-ar
configure:5832: found /opt/mips-linux-uclibc-4.9.3/usr/bin/mips-buildroot-linux-uclibc-ar
configure:5843: result: mips-buildroot-linux-uclibc-ar
configure:5924: checking for archiver @FILE support
configure:5941: mips-buildroot-linux-uclibc-gcc -c -g -O2  conftest.c >&5
configure:5941: $? = 0
configure:5944: mips-buildroot-linux-uclibc-ar cru libconftest.a @conftest.lst >&5
configure:5947: $? = 0
configure:5952: mips-buildroot-linux-uclibc-ar cru libconftest.a @conftest.lst >&5
mips-buildroot-linux-uclibc-ar: conftest.o: No such file or directory
configure:5955: $? = 1
configure:5967: result: @
configure:5985: checking for mips-buildroot-linux-uclibc-strip
configure:6012: result: mips-buildroot-linux-uclibc-strip
configure:6084: checking for mips-buildroot-linux-uclibc-ranlib
configure:6100: found /opt/mips-linux-uclibc-4.9.3/usr/bin/mips-buildroot-linux-uclibc-ranlib
configure:6111: result: mips-buildroot-linux-uclibc-ranlib
configure:6253: checking command to parse /opt/mips-linux-uclibc-4.9.3/usr/bin/mips-buildroot-linux-uclibc-nm -B output from mips-buildroot-linux-uclibc-gcc object
configure:6373: mips-buildroot-linux-uclibc-gcc -c -g -O2  conftest.c >&5
configure:6376: $? = 0
configure:6380: /opt/mips-linux-uclibc-4.9.3/usr/bin/mips-buildroot-linux-uclibc-nm -B conftest.o \| sed -n -e 's/^.*[ ]\([ABCDGIRSTW][ABCDGIRSTW]*\)[ ][ ]*\([_A-Za-z][_A-Za-z0-9]*\)$/\1 \2 \2/p' | sed '/ __gnu_lto/d' \> conftest.nm
configure:6383: $? = 0
configure:6449: mips-buildroot-linux-uclibc-gcc -o conftest -g -O2   conftest.c conftstm.o >&5
configure:6452: $? = 0
configure:6490: result: ok
configure:6527: checking for sysroot
configure:6557: result: no
configure:6780: checking for mips-buildroot-linux-uclibc-mt
configure:6810: result: no
configure:6820: checking for mt
configure:6836: found /bin/mt
configure:6847: result: mt
configure:6859: WARNING: using cross tools not prefixed with host triplet
configure:6870: checking if mt is a manifest tool
configure:6876: mt '-?'
configure:6884: result: no
configure:7523: checking for dlfcn.h
configure:7523: mips-buildroot-linux-uclibc-gcc -c -g -O2  conftest.c >&5
configure:7523: $? = 0
configure:7523: result: yes
configure:7729: checking for objdir
configure:7744: result: .libs
configure:8015: checking if mips-buildroot-linux-uclibc-gcc supports -fno-rtti -fno-exceptions
configure:8033: mips-buildroot-linux-uclibc-gcc -c -g -O2  -fno-rtti -fno-exceptions conftest.c >&5
cc1: warning: command line option '-fno-rtti' is valid for C++/ObjC++ but not for C
configure:8037: $? = 0
configure:8050: result: no
configure:8377: checking for mips-buildroot-linux-uclibc-gcc option to produce PIC
configure:8384: result: -fPIC -DPIC
configure:8392: checking if mips-buildroot-linux-uclibc-gcc PIC flag -fPIC -DPIC works
configure:8410: mips-buildroot-linux-uclibc-gcc -c -g -O2  -fPIC -DPIC -DPIC conftest.c >&5
configure:8414: $? = 0
configure:8427: result: yes
configure:8456: checking if mips-buildroot-linux-uclibc-gcc static flag -static works
configure:8484: result: yes
configure:8499: checking if mips-buildroot-linux-uclibc-gcc supports -c -o file.o
configure:8520: mips-buildroot-linux-uclibc-gcc -c -g -O2  -o out/conftest2.o conftest.c >&5
configure:8524: $? = 0
configure:8546: result: yes
configure:8554: checking if mips-buildroot-linux-uclibc-gcc supports -c -o file.o
configure:8601: result: yes
configure:8634: checking whether the mips-buildroot-linux-uclibc-gcc linker (/opt/mips-linux-uclibc-4.9.3/usr/mips-buildroot-linux-uclibc/bin/ld) supports shared libraries
configure:9791: result: yes
configure:9828: checking whether -lc should be explicitly linked in
configure:9836: mips-buildroot-linux-uclibc-gcc -c -g -O2  conftest.c >&5
configure:9839: $? = 0
configure:9854: mips-buildroot-linux-uclibc-gcc -shared  -fPIC -DPIC conftest.o  -v -Wl,-soname -Wl,conftest -o conftest 2\>\&1 \| /bin/grep  -lc  \>/dev/null 2\>\&1
configure:9857: $? = 0
configure:9871: result: no
configure:10031: checking dynamic linker characteristics
configure:10531: mips-buildroot-linux-uclibc-gcc -o conftest -g -O2   -Wl,-rpath -Wl,/foo conftest.c  >&5
configure:10531: $? = 0
configure:10765: result: GNU/Linux ld.so
configure:10872: checking how to hardcode library paths into programs
configure:10897: result: immediate
configure:11437: checking whether stripping libraries is possible
configure:11442: result: yes
configure:11477: checking if libtool supports shared libraries
configure:11479: result: yes
configure:11482: checking whether to build shared libraries
configure:11503: result: yes
configure:11506: checking whether to build static libraries
configure:11510: result: yes
configure:11550: checking sys/sockio.h usability
configure:11550: mips-buildroot-linux-uclibc-gcc -c -g -O2  conftest.c >&5
conftest.c:61:24: fatal error: sys/sockio.h: No such file or directory
 #include <sys/sockio.h>
                        ^
compilation terminated.
configure:11550: $? = 1
configure: failed program was:
| /* confdefs.h */
| #define PACKAGE_NAME "libnet"
| #define PACKAGE_TARNAME "libnet"
| #define PACKAGE_VERSION "1.2-rc3"
| #define PACKAGE_STRING "libnet 1.2-rc3"
| #define PACKAGE_BUGREPORT ""
| #define PACKAGE_URL ""
| #define PACKAGE "libnet"
| #define VERSION "1.2-rc3"
| #define STDC_HEADERS 1
| #define HAVE_SYS_TYPES_H 1
| #define HAVE_SYS_STAT_H 1
| #define HAVE_STDLIB_H 1
| #define HAVE_STRING_H 1
| #define HAVE_MEMORY_H 1
| #define HAVE_STRINGS_H 1
| #define HAVE_INTTYPES_H 1
| #define HAVE_STDINT_H 1
| #define HAVE_UNISTD_H 1
| #define __EXTENSIONS__ 1
| #define _ALL_SOURCE 1
| #define _GNU_SOURCE 1
| #define _POSIX_PTHREAD_SEMANTICS 1
| #define _TANDEM_SOURCE 1
| #define HAVE_DLFCN_H 1
| #define LT_OBJDIR ".libs/"
| /* end confdefs.h.  */
| #include <stdio.h>
| #ifdef HAVE_SYS_TYPES_H
| # include <sys/types.h>
| #endif
| #ifdef HAVE_SYS_STAT_H
| # include <sys/stat.h>
| #endif
| #ifdef STDC_HEADERS
| # include <stdlib.h>
| # include <stddef.h>
| #else
| # ifdef HAVE_STDLIB_H
| #  include <stdlib.h>
| # endif
| #endif
| #ifdef HAVE_STRING_H
| # if !defined STDC_HEADERS && defined HAVE_MEMORY_H
| #  include <memory.h>
| # endif
| # include <string.h>
| #endif
| #ifdef HAVE_STRINGS_H
| # include <strings.h>
| #endif
| #ifdef HAVE_INTTYPES_H
| # include <inttypes.h>
| #endif
| #ifdef HAVE_STDINT_H
| # include <stdint.h>
| #endif
| #ifdef HAVE_UNISTD_H
| # include <unistd.h>
| #endif
| #include <sys/sockio.h>
configure:11550: result: no
configure:11550: checking sys/sockio.h presence
configure:11550: mips-buildroot-linux-uclibc-gcc -E  conftest.c
conftest.c:28:24: fatal error: sys/sockio.h: No such file or directory
 #include <sys/sockio.h>
                        ^
compilation terminated.
configure:11550: $? = 1
configure: failed program was:
| /* confdefs.h */
| #define PACKAGE_NAME "libnet"
| #define PACKAGE_TARNAME "libnet"
| #define PACKAGE_VERSION "1.2-rc3"
| #define PACKAGE_STRING "libnet 1.2-rc3"
| #define PACKAGE_BUGREPORT ""
| #define PACKAGE_URL ""
| #define PACKAGE "libnet"
| #define VERSION "1.2-rc3"
| #define STDC_HEADERS 1
| #define HAVE_SYS_TYPES_H 1
| #define HAVE_SYS_STAT_H 1
| #define HAVE_STDLIB_H 1
| #define HAVE_STRING_H 1
| #define HAVE_MEMORY_H 1
| #define HAVE_STRINGS_H 1
| #define HAVE_INTTYPES_H 1
| #define HAVE_STDINT_H 1
| #define HAVE_UNISTD_H 1
| #define __EXTENSIONS__ 1
| #define _ALL_SOURCE 1
| #define _GNU_SOURCE 1
| #define _POSIX_PTHREAD_SEMANTICS 1
| #define _TANDEM_SOURCE 1
| #define HAVE_DLFCN_H 1
| #define LT_OBJDIR ".libs/"
| /* end confdefs.h.  */
| #include <sys/sockio.h>
configure:11550: result: no
configure:11550: checking for sys/sockio.h
configure:11550: result: no
configure:11562: checking for gethostbyname2
configure:11562: mips-buildroot-linux-uclibc-gcc -o conftest -g -O2   conftest.c  >&5
configure:11562: $? = 0
configure:11562: result: yes
configure:11573: checking for getifaddrs
configure:11573: mips-buildroot-linux-uclibc-gcc -o conftest -g -O2   conftest.c  >&5
configure:11573: $? = 0
configure:11573: result: yes
configure:11582: checking for uint16_t
configure:11582: mips-buildroot-linux-uclibc-gcc -c -g -O2  conftest.c >&5
configure:11582: $? = 0
configure:11582: result: yes
configure:11594: checking for uint32_t
configure:11594: mips-buildroot-linux-uclibc-gcc -c -g -O2  conftest.c >&5
configure:11594: $? = 0
configure:11594: result: yes
configure:11608: checking for uint64_t
configure:11608: mips-buildroot-linux-uclibc-gcc -c -g -O2  conftest.c >&5
configure:11608: $? = 0
configure:11608: result: yes
configure:11623: checking for socklen_t
configure:11639: mips-buildroot-linux-uclibc-gcc -c -g -O2  conftest.c >&5
configure:11639: $? = 0
configure:11650: result: yes
configure:11654: checking whether byte ordering is bigendian
configure:11669: mips-buildroot-linux-uclibc-gcc -c -g -O2  conftest.c >&5
conftest.c:32:9: error: unknown type name 'not'
         not a universal capable compiler
         ^
conftest.c:32:15: error: expected '=', ',', ';', 'asm' or '__attribute__' before 'universal'
         not a universal capable compiler
               ^
conftest.c:32:15: error: unknown type name 'universal'
configure:11669: $? = 1
configure: failed program was:
| /* confdefs.h */
| #define PACKAGE_NAME "libnet"
| #define PACKAGE_TARNAME "libnet"
| #define PACKAGE_VERSION "1.2-rc3"
| #define PACKAGE_STRING "libnet 1.2-rc3"
| #define PACKAGE_BUGREPORT ""
| #define PACKAGE_URL ""
| #define PACKAGE "libnet"
| #define VERSION "1.2-rc3"
| #define STDC_HEADERS 1
| #define HAVE_SYS_TYPES_H 1
| #define HAVE_SYS_STAT_H 1
| #define HAVE_STDLIB_H 1
| #define HAVE_STRING_H 1
| #define HAVE_MEMORY_H 1
| #define HAVE_STRINGS_H 1
| #define HAVE_INTTYPES_H 1
| #define HAVE_STDINT_H 1
| #define HAVE_UNISTD_H 1
| #define __EXTENSIONS__ 1
| #define _ALL_SOURCE 1
| #define _GNU_SOURCE 1
| #define _POSIX_PTHREAD_SEMANTICS 1
| #define _TANDEM_SOURCE 1
| #define HAVE_DLFCN_H 1
| #define LT_OBJDIR ".libs/"
| #define HAVE_GETHOSTBYNAME2 1
| #define HAVE_GETIFADDRS 1
| #define HAVE_SOCKLEN_T 1
| /* end confdefs.h.  */
| #ifndef __APPLE_CC__
| 	       not a universal capable compiler
| 	     #endif
| 	     typedef int dummy;
| 
configure:11714: mips-buildroot-linux-uclibc-gcc -c -g -O2  conftest.c >&5
configure:11714: $? = 0
configure:11732: mips-buildroot-linux-uclibc-gcc -c -g -O2  conftest.c >&5
configure:11732: $? = 0
configure:11860: result: yes
configure:11913: checking net/pfilt.h usability
configure:11913: mips-buildroot-linux-uclibc-gcc -c -g -O2  conftest.c >&5
conftest.c:66:23: fatal error: net/pfilt.h: No such file or directory
 #include <net/pfilt.h>
                       ^
compilation terminated.
configure:11913: $? = 1
configure: failed program was:
| /* confdefs.h */
| #define PACKAGE_NAME "libnet"
| #define PACKAGE_TARNAME "libnet"
| #define PACKAGE_VERSION "1.2-rc3"
| #define PACKAGE_STRING "libnet 1.2-rc3"
| #define PACKAGE_BUGREPORT ""
| #define PACKAGE_URL ""
| #define PACKAGE "libnet"
| #define VERSION "1.2-rc3"
| #define STDC_HEADERS 1
| #define HAVE_SYS_TYPES_H 1
| #define HAVE_SYS_STAT_H 1
| #define HAVE_STDLIB_H 1
| #define HAVE_STRING_H 1
| #define HAVE_MEMORY_H 1
| #define HAVE_STRINGS_H 1
| #define HAVE_INTTYPES_H 1
| #define HAVE_STDINT_H 1
| #define HAVE_UNISTD_H 1
| #define __EXTENSIONS__ 1
| #define _ALL_SOURCE 1
| #define _GNU_SOURCE 1
| #define _POSIX_PTHREAD_SEMANTICS 1
| #define _TANDEM_SOURCE 1
| #define HAVE_DLFCN_H 1
| #define LT_OBJDIR ".libs/"
| #define HAVE_GETHOSTBYNAME2 1
| #define HAVE_GETIFADDRS 1
| #define HAVE_SOCKLEN_T 1
| #define WORDS_BIGENDIAN 1
| #define LIBNET_BIG_ENDIAN 1
| /* end confdefs.h.  */
| #include <stdio.h>
| #ifdef HAVE_SYS_TYPES_H
| # include <sys/types.h>
| #endif
| #ifdef HAVE_SYS_STAT_H
| # include <sys/stat.h>
| #endif
| #ifdef STDC_HEADERS
| # include <stdlib.h>
| # include <stddef.h>
| #else
| # ifdef HAVE_STDLIB_H
| #  include <stdlib.h>
| # endif
| #endif
| #ifdef HAVE_STRING_H
| # if !defined STDC_HEADERS && defined HAVE_MEMORY_H
| #  include <memory.h>
| # endif
| # include <string.h>
| #endif
| #ifdef HAVE_STRINGS_H
| # include <strings.h>
| #endif
| #ifdef HAVE_INTTYPES_H
| # include <inttypes.h>
| #endif
| #ifdef HAVE_STDINT_H
| # include <stdint.h>
| #endif
| #ifdef HAVE_UNISTD_H
| # include <unistd.h>
| #endif
| #include <net/pfilt.h>
configure:11913: result: no
configure:11913: checking net/pfilt.h presence
configure:11913: mips-buildroot-linux-uclibc-gcc -E  conftest.c
conftest.c:33:23: fatal error: net/pfilt.h: No such file or directory
 #include <net/pfilt.h>
                       ^
compilation terminated.
configure:11913: $? = 1
configure: failed program was:
| /* confdefs.h */
| #define PACKAGE_NAME "libnet"
| #define PACKAGE_TARNAME "libnet"
| #define PACKAGE_VERSION "1.2-rc3"
| #define PACKAGE_STRING "libnet 1.2-rc3"
| #define PACKAGE_BUGREPORT ""
| #define PACKAGE_URL ""
| #define PACKAGE "libnet"
| #define VERSION "1.2-rc3"
| #define STDC_HEADERS 1
| #define HAVE_SYS_TYPES_H 1
| #define HAVE_SYS_STAT_H 1
| #define HAVE_STDLIB_H 1
| #define HAVE_STRING_H 1
| #define HAVE_MEMORY_H 1
| #define HAVE_STRINGS_H 1
| #define HAVE_INTTYPES_H 1
| #define HAVE_STDINT_H 1
| #define HAVE_UNISTD_H 1
| #define __EXTENSIONS__ 1
| #define _ALL_SOURCE 1
| #define _GNU_SOURCE 1
| #define _POSIX_PTHREAD_SEMANTICS 1
| #define _TANDEM_SOURCE 1
| #define HAVE_DLFCN_H 1
| #define LT_OBJDIR ".libs/"
| #define HAVE_GETHOSTBYNAME2 1
| #define HAVE_GETIFADDRS 1
| #define HAVE_SOCKLEN_T 1
| #define WORDS_BIGENDIAN 1
| #define LIBNET_BIG_ENDIAN 1
| /* end confdefs.h.  */
| #include <net/pfilt.h>
configure:11913: result: no
configure:11913: checking for net/pfilt.h
configure:11913: result: no
configure:11913: checking sys/net/nit.h usability
configure:11913: mips-buildroot-linux-uclibc-gcc -c -g -O2  conftest.c >&5
conftest.c:66:25: fatal error: sys/net/nit.h: No such file or directory
 #include <sys/net/nit.h>
                         ^
compilation terminated.
configure:11913: $? = 1
configure: failed program was:
| /* confdefs.h */
| #define PACKAGE_NAME "libnet"
| #define PACKAGE_TARNAME "libnet"
| #define PACKAGE_VERSION "1.2-rc3"
| #define PACKAGE_STRING "libnet 1.2-rc3"
| #define PACKAGE_BUGREPORT ""
| #define PACKAGE_URL ""
| #define PACKAGE "libnet"
| #define VERSION "1.2-rc3"
| #define STDC_HEADERS 1
| #define HAVE_SYS_TYPES_H 1
| #define HAVE_SYS_STAT_H 1
| #define HAVE_STDLIB_H 1
| #define HAVE_STRING_H 1
| #define HAVE_MEMORY_H 1
| #define HAVE_STRINGS_H 1
| #define HAVE_INTTYPES_H 1
| #define HAVE_STDINT_H 1
| #define HAVE_UNISTD_H 1
| #define __EXTENSIONS__ 1
| #define _ALL_SOURCE 1
| #define _GNU_SOURCE 1
| #define _POSIX_PTHREAD_SEMANTICS 1
| #define _TANDEM_SOURCE 1
| #define HAVE_DLFCN_H 1
| #define LT_OBJDIR ".libs/"
| #define HAVE_GETHOSTBYNAME2 1
| #define HAVE_GETIFADDRS 1
| #define HAVE_SOCKLEN_T 1
| #define WORDS_BIGENDIAN 1
| #define LIBNET_BIG_ENDIAN 1
| /* end confdefs.h.  */
| #include <stdio.h>
| #ifdef HAVE_SYS_TYPES_H
| # include <sys/types.h>
| #endif
| #ifdef HAVE_SYS_STAT_H
| # include <sys/stat.h>
| #endif
| #ifdef STDC_HEADERS
| # include <stdlib.h>
| # include <stddef.h>
| #else
| # ifdef HAVE_STDLIB_H
| #  include <stdlib.h>
| # endif
| #endif
| #ifdef HAVE_STRING_H
| # if !defined STDC_HEADERS && defined HAVE_MEMORY_H
| #  include <memory.h>
| # endif
| # include <string.h>
| #endif
| #ifdef HAVE_STRINGS_H
| # include <strings.h>
| #endif
| #ifdef HAVE_INTTYPES_H
| # include <inttypes.h>
| #endif
| #ifdef HAVE_STDINT_H
| # include <stdint.h>
| #endif
| #ifdef HAVE_UNISTD_H
| # include <unistd.h>
| #endif
| #include <sys/net/nit.h>
configure:11913: result: no
configure:11913: checking sys/net/nit.h presence
configure:11913: mips-buildroot-linux-uclibc-gcc -E  conftest.c
conftest.c:33:25: fatal error: sys/net/nit.h: No such file or directory
 #include <sys/net/nit.h>
                         ^
compilation terminated.
configure:11913: $? = 1
configure: failed program was:
| /* confdefs.h */
| #define PACKAGE_NAME "libnet"
| #define PACKAGE_TARNAME "libnet"
| #define PACKAGE_VERSION "1.2-rc3"
| #define PACKAGE_STRING "libnet 1.2-rc3"
| #define PACKAGE_BUGREPORT ""
| #define PACKAGE_URL ""
| #define PACKAGE "libnet"
| #define VERSION "1.2-rc3"
| #define STDC_HEADERS 1
| #define HAVE_SYS_TYPES_H 1
| #define HAVE_SYS_STAT_H 1
| #define HAVE_STDLIB_H 1
| #define HAVE_STRING_H 1
| #define HAVE_MEMORY_H 1
| #define HAVE_STRINGS_H 1
| #define HAVE_INTTYPES_H 1
| #define HAVE_STDINT_H 1
| #define HAVE_UNISTD_H 1
| #define __EXTENSIONS__ 1
| #define _ALL_SOURCE 1
| #define _GNU_SOURCE 1
| #define _POSIX_PTHREAD_SEMANTICS 1
| #define _TANDEM_SOURCE 1
| #define HAVE_DLFCN_H 1
| #define LT_OBJDIR ".libs/"
| #define HAVE_GETHOSTBYNAME2 1
| #define HAVE_GETIFADDRS 1
| #define HAVE_SOCKLEN_T 1
| #define WORDS_BIGENDIAN 1
| #define LIBNET_BIG_ENDIAN 1
| /* end confdefs.h.  */
| #include <sys/net/nit.h>
configure:11913: result: no
configure:11913: checking for sys/net/nit.h
configure:11913: result: no
configure:11913: checking net/raw.h usability
configure:11913: mips-buildroot-linux-uclibc-gcc -c -g -O2  conftest.c >&5
conftest.c:66:21: fatal error: net/raw.h: No such file or directory
 #include <net/raw.h>
                     ^
compilation terminated.
configure:11913: $? = 1
configure: failed program was:
| /* confdefs.h */
| #define PACKAGE_NAME "libnet"
| #define PACKAGE_TARNAME "libnet"
| #define PACKAGE_VERSION "1.2-rc3"
| #define PACKAGE_STRING "libnet 1.2-rc3"
| #define PACKAGE_BUGREPORT ""
| #define PACKAGE_URL ""
| #define PACKAGE "libnet"
| #define VERSION "1.2-rc3"
| #define STDC_HEADERS 1
| #define HAVE_SYS_TYPES_H 1
| #define HAVE_SYS_STAT_H 1
| #define HAVE_STDLIB_H 1
| #define HAVE_STRING_H 1
| #define HAVE_MEMORY_H 1
| #define HAVE_STRINGS_H 1
| #define HAVE_INTTYPES_H 1
| #define HAVE_STDINT_H 1
| #define HAVE_UNISTD_H 1
| #define __EXTENSIONS__ 1
| #define _ALL_SOURCE 1
| #define _GNU_SOURCE 1
| #define _POSIX_PTHREAD_SEMANTICS 1
| #define _TANDEM_SOURCE 1
| #define HAVE_DLFCN_H 1
| #define LT_OBJDIR ".libs/"
| #define HAVE_GETHOSTBYNAME2 1
| #define HAVE_GETIFADDRS 1
| #define HAVE_SOCKLEN_T 1
| #define WORDS_BIGENDIAN 1
| #define LIBNET_BIG_ENDIAN 1
| /* end confdefs.h.  */
| #include <stdio.h>
| #ifdef HAVE_SYS_TYPES_H
| # include <sys/types.h>
| #endif
| #ifdef HAVE_SYS_STAT_H
| # include <sys/stat.h>
| #endif
| #ifdef STDC_HEADERS
| # include <stdlib.h>
| # include <stddef.h>
| #else
| # ifdef HAVE_STDLIB_H
| #  include <stdlib.h>
| # endif
| #endif
| #ifdef HAVE_STRING_H
| # if !defined STDC_HEADERS && defined HAVE_MEMORY_H
| #  include <memory.h>
| # endif
| # include <string.h>
| #endif
| #ifdef HAVE_STRINGS_H
| # include <strings.h>
| #endif
| #ifdef HAVE_INTTYPES_H
| # include <inttypes.h>
| #endif
| #ifdef HAVE_STDINT_H
| # include <stdint.h>
| #endif
| #ifdef HAVE_UNISTD_H
| # include <unistd.h>
| #endif
| #include <net/raw.h>
configure:11913: result: no
configure:11913: checking net/raw.h presence
configure:11913: mips-buildroot-linux-uclibc-gcc -E  conftest.c
conftest.c:33:21: fatal error: net/raw.h: No such file or directory
 #include <net/raw.h>
                     ^
compilation terminated.
configure:11913: $? = 1
configure: failed program was:
| /* confdefs.h */
| #define PACKAGE_NAME "libnet"
| #define PACKAGE_TARNAME "libnet"
| #define PACKAGE_VERSION "1.2-rc3"
| #define PACKAGE_STRING "libnet 1.2-rc3"
| #define PACKAGE_BUGREPORT ""
| #define PACKAGE_URL ""
| #define PACKAGE "libnet"
| #define VERSION "1.2-rc3"
| #define STDC_HEADERS 1
| #define HAVE_SYS_TYPES_H 1
| #define HAVE_SYS_STAT_H 1
| #define HAVE_STDLIB_H 1
| #define HAVE_STRING_H 1
| #define HAVE_MEMORY_H 1
| #define HAVE_STRINGS_H 1
| #define HAVE_INTTYPES_H 1
| #define HAVE_STDINT_H 1
| #define HAVE_UNISTD_H 1
| #define __EXTENSIONS__ 1
| #define _ALL_SOURCE 1
| #define _GNU_SOURCE 1
| #define _POSIX_PTHREAD_SEMANTICS 1
| #define _TANDEM_SOURCE 1
| #define HAVE_DLFCN_H 1
| #define LT_OBJDIR ".libs/"
| #define HAVE_GETHOSTBYNAME2 1
| #define HAVE_GETIFADDRS 1
| #define HAVE_SOCKLEN_T 1
| #define WORDS_BIGENDIAN 1
| #define LIBNET_BIG_ENDIAN 1
| /* end confdefs.h.  */
| #include <net/raw.h>
configure:11913: result: no
configure:11913: checking for net/raw.h
configure:11913: result: no
configure:11913: checking sys/dlpi.h usability
configure:11913: mips-buildroot-linux-uclibc-gcc -c -g -O2  conftest.c >&5
conftest.c:66:22: fatal error: sys/dlpi.h: No such file or directory
 #include <sys/dlpi.h>
                      ^
compilation terminated.
configure:11913: $? = 1
configure: failed program was:
| /* confdefs.h */
| #define PACKAGE_NAME "libnet"
| #define PACKAGE_TARNAME "libnet"
| #define PACKAGE_VERSION "1.2-rc3"
| #define PACKAGE_STRING "libnet 1.2-rc3"
| #define PACKAGE_BUGREPORT ""
| #define PACKAGE_URL ""
| #define PACKAGE "libnet"
| #define VERSION "1.2-rc3"
| #define STDC_HEADERS 1
| #define HAVE_SYS_TYPES_H 1
| #define HAVE_SYS_STAT_H 1
| #define HAVE_STDLIB_H 1
| #define HAVE_STRING_H 1
| #define HAVE_MEMORY_H 1
| #define HAVE_STRINGS_H 1
| #define HAVE_INTTYPES_H 1
| #define HAVE_STDINT_H 1
| #define HAVE_UNISTD_H 1
| #define __EXTENSIONS__ 1
| #define _ALL_SOURCE 1
| #define _GNU_SOURCE 1
| #define _POSIX_PTHREAD_SEMANTICS 1
| #define _TANDEM_SOURCE 1
| #define HAVE_DLFCN_H 1
| #define LT_OBJDIR ".libs/"
| #define HAVE_GETHOSTBYNAME2 1
| #define HAVE_GETIFADDRS 1
| #define HAVE_SOCKLEN_T 1
| #define WORDS_BIGENDIAN 1
| #define LIBNET_BIG_ENDIAN 1
| /* end confdefs.h.  */
| #include <stdio.h>
| #ifdef HAVE_SYS_TYPES_H
| # include <sys/types.h>
| #endif
| #ifdef HAVE_SYS_STAT_H
| # include <sys/stat.h>
| #endif
| #ifdef STDC_HEADERS
| # include <stdlib.h>
| # include <stddef.h>
| #else
| # ifdef HAVE_STDLIB_H
| #  include <stdlib.h>
| # endif
| #endif
| #ifdef HAVE_STRING_H
| # if !defined STDC_HEADERS && defined HAVE_MEMORY_H
| #  include <memory.h>
| # endif
| # include <string.h>
| #endif
| #ifdef HAVE_STRINGS_H
| # include <strings.h>
| #endif
| #ifdef HAVE_INTTYPES_H
| # include <inttypes.h>
| #endif
| #ifdef HAVE_STDINT_H
| # include <stdint.h>
| #endif
| #ifdef HAVE_UNISTD_H
| # include <unistd.h>
| #endif
| #include <sys/dlpi.h>
configure:11913: result: no
configure:11913: checking sys/dlpi.h presence
configure:11913: mips-buildroot-linux-uclibc-gcc -E  conftest.c
conftest.c:33:22: fatal error: sys/dlpi.h: No such file or directory
 #include <sys/dlpi.h>
                      ^
compilation terminated.
configure:11913: $? = 1
configure: failed program was:
| /* confdefs.h */
| #define PACKAGE_NAME "libnet"
| #define PACKAGE_TARNAME "libnet"
| #define PACKAGE_VERSION "1.2-rc3"
| #define PACKAGE_STRING "libnet 1.2-rc3"
| #define PACKAGE_BUGREPORT ""
| #define PACKAGE_URL ""
| #define PACKAGE "libnet"
| #define VERSION "1.2-rc3"
| #define STDC_HEADERS 1
| #define HAVE_SYS_TYPES_H 1
| #define HAVE_SYS_STAT_H 1
| #define HAVE_STDLIB_H 1
| #define HAVE_STRING_H 1
| #define HAVE_MEMORY_H 1
| #define HAVE_STRINGS_H 1
| #define HAVE_INTTYPES_H 1
| #define HAVE_STDINT_H 1
| #define HAVE_UNISTD_H 1
| #define __EXTENSIONS__ 1
| #define _ALL_SOURCE 1
| #define _GNU_SOURCE 1
| #define _POSIX_PTHREAD_SEMANTICS 1
| #define _TANDEM_SOURCE 1
| #define HAVE_DLFCN_H 1
| #define LT_OBJDIR ".libs/"
| #define HAVE_GETHOSTBYNAME2 1
| #define HAVE_GETIFADDRS 1
| #define HAVE_SOCKLEN_T 1
| #define WORDS_BIGENDIAN 1
| #define LIBNET_BIG_ENDIAN 1
| /* end confdefs.h.  */
| #include <sys/dlpi.h>
configure:11913: result: no
configure:11913: checking for sys/dlpi.h
configure:11913: result: no
configure:11913: checking linux/socket.h usability
configure:11913: mips-buildroot-linux-uclibc-gcc -c -g -O2  conftest.c >&5
configure:11913: $? = 0
configure:11913: result: yes
configure:11913: checking linux/socket.h presence
configure:11913: mips-buildroot-linux-uclibc-gcc -E  conftest.c
configure:11913: $? = 0
configure:11913: result: yes
configure:11913: checking for linux/socket.h
configure:11913: result: yes
configure:11924: checking link-layer packet interface type
configure:12146: result: found link layer linux
configure:12149: checking for packet socket (PF_PACKET)
configure:12230: checking for Linux proc filesystem
configure:12242: result: yes
configure:12319: checking net/ethernet.h usability
configure:12319: mips-buildroot-linux-uclibc-gcc -c -g -O2  conftest.c >&5
configure:12319: $? = 0
configure:12319: result: yes
configure:12319: checking net/ethernet.h presence
configure:12319: mips-buildroot-linux-uclibc-gcc -E  conftest.c
configure:12319: $? = 0
configure:12319: result: yes
configure:12319: checking for net/ethernet.h
configure:12319: result: yes
configure:12884: checking that generated files are newer than configure
configure:12890: result: done
configure:12922: creating ./config.status

## ---------------------- ##
## Running config.status. ##
## ---------------------- ##

This file was extended by libnet config.status 1.2-rc3, which was
generated by GNU Autoconf 2.69.  Invocation command line was

  CONFIG_FILES    = 
  CONFIG_HEADERS  = 
  CONFIG_LINKS    = 
  CONFIG_COMMANDS = 
  $ ./config.status 

on jiamu-virtual-machine

config.status:1122: creating Makefile
config.status:1122: creating src/Makefile
config.status:1122: creating include/Makefile
config.status:1122: creating include/libnet/Makefile
config.status:1122: creating win32/Makefile
config.status:1122: creating sample/Makefile
config.status:1122: creating doc/Makefile
config.status:1122: creating doc/man/Makefile
config.status:1122: creating doc/man/man3/Makefile
config.status:1122: creating doc/html/Makefile
config.status:1122: creating include/libnet.h
config.status:1122: creating libnet-config
config.status:1122: creating include/config.h
config.status:1351: executing depfiles commands
config.status:1351: executing libtool commands

## ---------------- ##
## Cache variables. ##
## ---------------- ##

ac_cv_build=x86_64-unknown-linux-gnu
ac_cv_c_bigendian=yes
ac_cv_c_compiler_gnu=yes
ac_cv_c_uint16_t=yes
ac_cv_c_uint32_t=yes
ac_cv_c_uint64_t=yes
ac_cv_env_CC_set=
ac_cv_env_CC_value=
ac_cv_env_CFLAGS_set=
ac_cv_env_CFLAGS_value=
ac_cv_env_CPPFLAGS_set=
ac_cv_env_CPPFLAGS_value=
ac_cv_env_CPP_set=
ac_cv_env_CPP_value=
ac_cv_env_LDFLAGS_set=
ac_cv_env_LDFLAGS_value=
ac_cv_env_LIBS_set=
ac_cv_env_LIBS_value=
ac_cv_env_build_alias_set=
ac_cv_env_build_alias_value=
ac_cv_env_host_alias_set=set
ac_cv_env_host_alias_value=mips-buildroot-linux-uclibc
ac_cv_env_target_alias_set=
ac_cv_env_target_alias_value=
ac_cv_func_gethostbyname2=yes
ac_cv_func_getifaddrs=yes
ac_cv_header_dlfcn_h=yes
ac_cv_header_inttypes_h=yes
ac_cv_header_linux_socket_h=yes
ac_cv_header_memory_h=yes
ac_cv_header_minix_config_h=no
ac_cv_header_net_ethernet_h=yes
ac_cv_header_net_pfilt_h=no
ac_cv_header_net_raw_h=no
ac_cv_header_stdc=yes
ac_cv_header_stdint_h=yes
ac_cv_header_stdlib_h=yes
ac_cv_header_string_h=yes
ac_cv_header_strings_h=yes
ac_cv_header_sys_dlpi_h=no
ac_cv_header_sys_net_nit_h=no
ac_cv_header_sys_sockio_h=no
ac_cv_header_sys_stat_h=yes
ac_cv_header_sys_types_h=yes
ac_cv_header_unistd_h=yes
ac_cv_host=mips-buildroot-linux-uclibc
ac_cv_libnet_linux_procfs=yes
ac_cv_objext=o
ac_cv_path_EGREP='/bin/grep -E'
ac_cv_path_FGREP='/bin/grep -F'
ac_cv_path_GREP=/bin/grep
ac_cv_path_SED=/bin/sed
ac_cv_path_install='/usr/bin/install -c'
ac_cv_path_mkdir=/bin/mkdir
ac_cv_prog_AR=mips-buildroot-linux-uclibc-ar
ac_cv_prog_AWK=gawk
ac_cv_prog_CC=mips-buildroot-linux-uclibc-gcc
ac_cv_prog_CPP='mips-buildroot-linux-uclibc-gcc -E'
ac_cv_prog_OBJDUMP=mips-buildroot-linux-uclibc-objdump
ac_cv_prog_RANLIB=mips-buildroot-linux-uclibc-ranlib
ac_cv_prog_STRIP=mips-buildroot-linux-uclibc-strip
ac_cv_prog_ac_ct_MANIFEST_TOOL=mt
ac_cv_prog_cc_c89=
ac_cv_prog_cc_g=yes
ac_cv_prog_make_make_set=yes
ac_cv_safe_to_define___extensions__=yes
ac_cv_target=mips-buildroot-linux-uclibc
am_cv_CC_dependencies_compiler_type=none
am_cv_make_support_nested_variables=yes
libnet_cv_have_packet_socket=
lt_cv_ar_at_file=@
lt_cv_archive_cmds_need_lc=no
lt_cv_deplibs_check_method=pass_all
lt_cv_file_magic_cmd='$MAGIC_CMD'
lt_cv_file_magic_test_file=
lt_cv_ld_reload_flag=-r
lt_cv_nm_interface='BSD nm'
lt_cv_objdir=.libs
lt_cv_path_LD=/opt/mips-linux-uclibc-4.9.3/usr/mips-buildroot-linux-uclibc/bin/ld
lt_cv_path_NM='/opt/mips-linux-uclibc-4.9.3/usr/bin/mips-buildroot-linux-uclibc-nm -B'
lt_cv_path_mainfest_tool=no
lt_cv_prog_compiler_c_o=yes
lt_cv_prog_compiler_pic='-fPIC -DPIC'
lt_cv_prog_compiler_pic_works=yes
lt_cv_prog_compiler_rtti_exceptions=no
lt_cv_prog_compiler_static_works=yes
lt_cv_prog_gnu_ld=yes
lt_cv_sharedlib_from_linklib_cmd='printf %s\n'
lt_cv_shlibpath_overrides_runpath=no
lt_cv_sys_global_symbol_pipe='sed -n -e '\''s/^.*[	 ]\([ABCDGIRSTW][ABCDGIRSTW]*\)[	 ][	 ]*\([_A-Za-z][_A-Za-z0-9]*\)$/\1 \2 \2/p'\'' | sed '\''/ __gnu_lto/d'\'''
lt_cv_sys_global_symbol_to_c_name_address='sed -n -e '\''s/^: \([^ ]*\)[ ]*$/  {\"\1\", (void *) 0},/p'\'' -e '\''s/^[ABCDGIRSTW]* \([^ ]*\) \([^ ]*\)$/  {"\2", (void *) \&\2},/p'\'''
lt_cv_sys_global_symbol_to_c_name_address_lib_prefix='sed -n -e '\''s/^: \([^ ]*\)[ ]*$/  {\"\1\", (void *) 0},/p'\'' -e '\''s/^[ABCDGIRSTW]* \([^ ]*\) \(lib[^ ]*\)$/  {"\2", (void *) \&\2},/p'\'' -e '\''s/^[ABCDGIRSTW]* \([^ ]*\) \([^ ]*\)$/  {"lib\2", (void *) \&\2},/p'\'''
lt_cv_sys_global_symbol_to_cdecl='sed -n -e '\''s/^T .* \(.*\)$/extern int \1();/p'\'' -e '\''s/^[ABCDGIRSTW]* .* \(.*\)$/extern char \1;/p'\'''
lt_cv_sys_max_cmd_len=1572864
lt_cv_to_host_file_cmd=func_convert_file_noop
lt_cv_to_tool_file_cmd=func_convert_file_noop

## ----------------- ##
## Output variables. ##
## ----------------- ##

ACLOCAL='aclocal-1.13'
ADDITIONAL_LIBS=''
AMDEPBACKSLASH='\'
AMDEP_FALSE='#'
AMDEP_TRUE=''
AMTAR='$${TAR-tar}'
AM_BACKSLASH='\'
AM_DEFAULT_V='$(AM_DEFAULT_VERBOSITY)'
AM_DEFAULT_VERBOSITY='1'
AM_V='$(V)'
AR='mips-buildroot-linux-uclibc-ar'
AUTOCONF='autoconf'
AUTOHEADER='autoheader'
AUTOMAKE='automake-1.13'
AWK='gawk'
CC='mips-buildroot-linux-uclibc-gcc'
CCDEPMODE='depmode=none'
CFLAGS='-g -O2'
CPP='mips-buildroot-linux-uclibc-gcc -E'
CPPFLAGS=''
CYGPATH_W='echo'
DEFS='-DHAVE_CONFIG_H'
DEPDIR='.deps'
DLLTOOL='false'
DSYMUTIL=''
DUMPBIN=''
ECHO_C=''
ECHO_N='-n'
ECHO_T=''
EGREP='/bin/grep -E'
ENDIANESS='LIBNET_BIG_ENDIAN'
EXEEXT=''
FGREP='/bin/grep -F'
GREP='/bin/grep'
HAVE_PACKET_SOCKET=''
INSTALL_DATA='${INSTALL} -m 644'
INSTALL_PROGRAM='${INSTALL}'
INSTALL_SAMPLES_FALSE=''
INSTALL_SAMPLES_TRUE='#'
INSTALL_SCRIPT='${INSTALL}'
INSTALL_STRIP_PROGRAM='$(install_sh) -c -s'
LD='/opt/mips-linux-uclibc-4.9.3/usr/mips-buildroot-linux-uclibc/bin/ld'
LDFLAGS=''
LIBNET_CONFIG_CFLAGS=''
LIBNET_CONFIG_DEFINES='-D_BSD_SOURCE -D__BSD_SOURCE -D__FAVOR_BSD -DHAVE_NET_ETHERNET_H'
LIBNET_CONFIG_LIBS=''
LIBOBJS=' ${LIBOBJDIR}libnet_link_linux$U.o'
LIBS=''
LIBTOOL='$(SHELL) $(top_builddir)/libtool'
LIPO=''
LN_S='ln -s'
LTLIBOBJS=' ${LIBOBJDIR}libnet_link_linux$U.lo'
MAINT='#'
MAINTAINER_MODE_FALSE=''
MAINTAINER_MODE_TRUE='#'
MAKEINFO='makeinfo'
MANIFEST_TOOL=':'
MKDIR_P='/bin/mkdir -p'
NM='/opt/mips-linux-uclibc-4.9.3/usr/bin/mips-buildroot-linux-uclibc-nm -B'
NMEDIT=''
OBJDUMP='mips-buildroot-linux-uclibc-objdump'
OBJEXT='o'
OTOOL64=''
OTOOL=''
PACKAGE='libnet'
PACKAGE_BUGREPORT=''
PACKAGE_NAME='libnet'
PACKAGE_STRING='libnet 1.2-rc3'
PACKAGE_TARNAME='libnet'
PACKAGE_URL=''
PACKAGE_VERSION='1.2-rc3'
PATH_SEPARATOR=':'
RANLIB='mips-buildroot-linux-uclibc-ranlib'
SED='/bin/sed'
SET_MAKE=''
SHELL='/bin/bash'
STRIP='mips-buildroot-linux-uclibc-strip'
VERSION='1.2-rc3'
ac_ct_AR=''
ac_ct_CC=''
ac_ct_DUMPBIN=''
am__EXEEXT_FALSE=''
am__EXEEXT_TRUE='#'
am__fastdepCC_FALSE=''
am__fastdepCC_TRUE='#'
am__include='include'
am__isrc=''
am__leading_dot='.'
am__nodep='_no'
am__quote=''
am__tar='$${TAR-tar} chof - "$$tardir"'
am__untar='$${TAR-tar} xf -'
bindir='${exec_prefix}/bin'
build='x86_64-unknown-linux-gnu'
build_alias=''
build_cpu='x86_64'
build_os='linux-gnu'
build_vendor='unknown'
datadir='${datarootdir}'
datarootdir='${prefix}/share'
docdir='${datarootdir}/doc/${PACKAGE_TARNAME}'
dvidir='${docdir}'
exec_prefix='${prefix}'
host='mips-buildroot-linux-uclibc'
host_alias='mips-buildroot-linux-uclibc'
host_cpu='mips'
host_os='linux-uclibc'
host_vendor='buildroot'
htmldir='${docdir}'
includedir='${prefix}/include'
infodir='${datarootdir}/info'
install_sh='${SHELL} /home/jiamu/work/luochao/compat-packages-openwrt/traffic-insight-cmcc/libnet-1.2-rc3/install-sh'
libdir='${exec_prefix}/lib'
libexecdir='${exec_prefix}/libexec'
localedir='${datarootdir}/locale'
localstatedir='${prefix}/var'
mandir='${datarootdir}/man'
mkdir_p='$(MKDIR_P)'
oldincludedir='/usr/include'
pdfdir='${docdir}'
prefix='/home/jiamu/work/luochao/compat-packages-openwrt/traffic-insight-cmcc/libnet-1.2-rc3/../_install'
program_transform_name='s,x,x,'
psdir='${docdir}'
sbindir='${exec_prefix}/sbin'
sharedstatedir='${prefix}/com'
sysconfdir='${prefix}/etc'
target='mips-buildroot-linux-uclibc'
target_alias=''
target_cpu='mips'
target_os='linux-uclibc'
target_vendor='buildroot'

## ----------- ##
## confdefs.h. ##
## ----------- ##

/* confdefs.h */
#define PACKAGE_NAME "libnet"
#define PACKAGE_TARNAME "libnet"
#define PACKAGE_VERSION "1.2-rc3"
#define PACKAGE_STRING "libnet 1.2-rc3"
#define PACKAGE_BUGREPORT ""
#define PACKAGE_URL ""
#define PACKAGE "libnet"
#define VERSION "1.2-rc3"
#define STDC_HEADERS 1
#define HAVE_SYS_TYPES_H 1
#define HAVE_SYS_STAT_H 1
#define HAVE_STDLIB_H 1
#define HAVE_STRING_H 1
#define HAVE_MEMORY_H 1
#define HAVE_STRINGS_H 1
#define HAVE_INTTYPES_H 1
#define HAVE_STDINT_H 1
#define HAVE_UNISTD_H 1
#define __EXTENSIONS__ 1
#define _ALL_SOURCE 1
#define _GNU_SOURCE 1
#define _POSIX_PTHREAD_SEMANTICS 1
#define _TANDEM_SOURCE 1
#define HAVE_DLFCN_H 1
#define LT_OBJDIR ".libs/"
#define HAVE_GETHOSTBYNAME2 1
#define HAVE_GETIFADDRS 1
#define HAVE_SOCKLEN_T 1
#define WORDS_BIGENDIAN 1
#define LIBNET_BIG_ENDIAN 1
#define HAVE_LINUX_SOCKET_H 1
#define HAVE_LINUX_PROCFS 1
#define _BSD_SOURCE 1
#define __BSD_SOURCE 1
#define __FAVOR_BSD 1
#define HAVE_NET_ETHERNET_H 1

configure: exit 0
