This file contains any messages produced by compilers while
running configure, to aid debugging if configure makes a mistake.

It was created by configure, which was
generated by GNU Autoconf 2.59.  Invocation command line was

  $ ./configure --target=mips-linux --host=mips-linux --enable-shared --enable-static --disable-libglib --prefix=/home/jiamu/work/luochao/compat-packages-openwrt/traffic-insight-cmcc/libnids-1.24/../_install --with-libnet=/home/jiamu/work/luochao/compat-packages-openwrt/traffic-insight-cmcc/libnids-1.24/../_install

## --------- ##
## Platform. ##
## --------- ##

hostname = jiamu-virtual-machine
uname -m = x86_64
uname -r = 4.15.0-43-generic
uname -s = Linux
uname -v = #46-Ubuntu SMP Thu Dec 6 14:45:28 UTC 2018

/usr/bin/uname -p = unknown
/bin/uname -X     = unknown

/bin/arch              = unknown
/usr/bin/arch -k       = unknown
/usr/convex/getsysinfo = unknown
hostinfo               = unknown
/bin/machine           = unknown
/usr/bin/oslevel       = unknown
/bin/universe          = unknown

PATH: /usr/local/sbin
PATH: /usr/local/bin
PATH: /usr/sbin
PATH: /usr/bin
PATH: /sbin
PATH: /bin
PATH: /usr/games
PATH: /usr/local/games
PATH: /snap/bin
PATH: /opt/OpenWrt-Toolchain-ramips-for-mipsel_24kec+dsp-gcc-4.8-linaro_uClibc-0.9.33.2/toolchain-mipsel_24kec+dsp_gcc-4.8-linaro_uClibc-0.9.33.2/bin
PATH: /opt/OpenWrt-Toolchain-ramips-for-mipsel_24kec+dsp-gcc-4.8-linaro_uClibc-0.9.33.2/toolchain-mipsel_24kec+dsp_gcc-4.8-linaro_uClibc-0.9.33.2/bin
PATH: /opt/mips-linux-uclibc-4.9.3/usr/bin
PATH: /opt/OpenWrt-Toolchain-ramips-for-mipsel_24kec+dsp-gcc-4.8-linaro_uClibc-0.9.33.2/toolchain-mipsel_24kec+dsp_gcc-4.8-linaro_uClibc-0.9.33.2/bin
PATH: /opt/mips-linux-uclibc-4.9.3/usr/bin


## ----------- ##
## Core tests. ##
## ----------- ##

configure:1364: checking build system type
configure:1382: result: x86_64-unknown-linux-gnu
configure:1390: checking host system type
configure:1404: result: mips-mips-linux-gnu
configure:1412: checking target system type
configure:1426: result: mips-mips-linux-gnu
configure:1460: checking for mips-linux-gcc
configure:1476: found /opt/mips-linux-uclibc-4.9.3/usr/bin/mips-linux-gcc
configure:1486: result: mips-linux-gcc
configure:1768: checking for C compiler version
configure:1771: mips-linux-gcc --version </dev/null >&5
mips-linux-gcc (Buildroot 2015.08.1) 4.9.3
Copyright (C) 2015 Free Software Foundation, Inc.
This is free software; see the source for copying conditions.  There is NO
warranty; not even for MERCHANTABILITY or FITNESS FOR A PARTICULAR PURPOSE.

configure:1774: $? = 0
configure:1776: mips-linux-gcc -v </dev/null >&5
Using built-in specs.
COLLECT_GCC=mips-linux-gcc
COLLECT_LTO_WRAPPER=/opt/mips-linux-uclibc-4.9.3/usr/bin/../libexec/gcc/mips-buildroot-linux-uclibc/4.9.3/lto-wrapper
Target: mips-buildroot-linux-uclibc
Configured with: ./configure --prefix=/opt/trendchip/mips-linux-uclibc-4.9.3/usr --sysconfdir=/opt/trendchip/mips-linux-uclibc-4.9.3/etc --enable-static --target=mips-buildroot-linux-uclibc --with-sysroot=/opt/trendchip/mips-linux-uclibc-4.9.3/usr/mips-buildroot-linux-uclibc/sysroot --disable-__cxa_atexit --with-gnu-ld --disable-libssp --disable-multilib --with-gmp=/opt/trendchip/mips-linux-uclibc-4.9.3/usr --with-mpfr=/opt/trendchip/mips-linux-uclibc-4.9.3/usr --with-pkgversion='Buildroot 2015.08.1' --with-bugurl=http://bugs.buildroot.net/ --disable-libsanitizer --enable-tls --disable-libmudflap --enable-threads --with-mpc=/opt/trendchip/mips-linux-uclibc-4.9.3/usr --without-isl --without-cloog --with-float=soft --disable-decimal-float --with-arch=mips32r2 --with-abi=32 --enable-languages=c,c++ --enable-poison-system-directories --with-build-time-tools=/opt/trendchip/mips-linux-uclibc-4.9.3/usr/mips-buildroot-linux-uclibc/bin --enable-shared --disable-libgomp
Thread model: posix
gcc version 4.9.3 (Buildroot 2015.08.1) 
configure:1779: $? = 0
configure:1781: mips-linux-gcc -V </dev/null >&5
mips-linux-gcc: error: unrecognized command line option '-V'
mips-linux-gcc: fatal error: no input files
compilation terminated.
configure:1784: $? = 1
configure:1807: checking for C compiler default output file name
configure:1810: mips-linux-gcc    conftest.c  >&5
configure:1813: $? = 0
configure:1859: result: a.out
configure:1864: checking whether the C compiler works
configure:1870: ./a.out
./configure: line 1871: ./a.out: cannot execute binary file: Exec format error
configure:1873: $? = 126
configure:1890: result: yes
configure:1897: checking whether we are cross compiling
configure:1899: result: yes
configure:1902: checking for suffix of executables
configure:1904: mips-linux-gcc -o conftest    conftest.c  >&5
configure:1907: $? = 0
configure:1932: result: 
configure:1938: checking for suffix of object files
configure:1959: mips-linux-gcc -c   conftest.c >&5
configure:1962: $? = 0
configure:1984: result: o
configure:1988: checking whether we are using the GNU C compiler
configure:2012: mips-linux-gcc -c   conftest.c >&5
configure:2018: $? = 0
configure:2021: test -z 			 || test ! -s conftest.err
configure:2024: $? = 0
configure:2027: test -s conftest.o
configure:2030: $? = 0
configure:2043: result: yes
configure:2049: checking whether mips-linux-gcc accepts -g
configure:2070: mips-linux-gcc -c -g  conftest.c >&5
configure:2076: $? = 0
configure:2079: test -z 			 || test ! -s conftest.err
configure:2082: $? = 0
configure:2085: test -s conftest.o
configure:2088: $? = 0
configure:2099: result: yes
configure:2116: checking for mips-linux-gcc option to accept ANSI C
configure:2186: mips-linux-gcc  -c -g -O2  conftest.c >&5
configure:2192: $? = 0
configure:2195: test -z 			 || test ! -s conftest.err
configure:2198: $? = 0
configure:2201: test -s conftest.o
configure:2204: $? = 0
configure:2222: result: none needed
configure:2240: mips-linux-gcc -c -g -O2  conftest.c >&5
conftest.c:2:3: error: unknown type name 'choke'
   choke me
   ^
conftest.c:2:3: error: expected '=', ',', ';', 'asm' or '__attribute__' at end of input
configure:2246: $? = 1
configure: failed program was:
| #ifndef __cplusplus
|   choke me
| #endif
configure:2379: checking for mips-linux-ranlib
configure:2395: found /opt/mips-linux-uclibc-4.9.3/usr/bin/mips-linux-ranlib
configure:2405: result: mips-linux-ranlib
configure:2469: checking for a BSD-compatible install
configure:2524: result: /usr/bin/install -c
configure:2542: checking how to run the C preprocessor
configure:2577: mips-linux-gcc -E  conftest.c
configure:2583: $? = 0
configure:2615: mips-linux-gcc -E  conftest.c
conftest.c:9:28: fatal error: ac_nonexistent.h: No such file or directory
 #include <ac_nonexistent.h>
                            ^
compilation terminated.
configure:2621: $? = 1
configure: failed program was:
| /* confdefs.h.  */
| 
| #define PACKAGE_NAME ""
| #define PACKAGE_TARNAME ""
| #define PACKAGE_VERSION ""
| #define PACKAGE_STRING ""
| #define PACKAGE_BUGREPORT ""
| /* end confdefs.h.  */
| #include <ac_nonexistent.h>
configure:2660: result: mips-linux-gcc -E
configure:2684: mips-linux-gcc -E  conftest.c
configure:2690: $? = 0
configure:2722: mips-linux-gcc -E  conftest.c
conftest.c:9:28: fatal error: ac_nonexistent.h: No such file or directory
 #include <ac_nonexistent.h>
                            ^
compilation terminated.
configure:2728: $? = 1
configure: failed program was:
| /* confdefs.h.  */
| 
| #define PACKAGE_NAME ""
| #define PACKAGE_TARNAME ""
| #define PACKAGE_VERSION ""
| #define PACKAGE_STRING ""
| #define PACKAGE_BUGREPORT ""
| /* end confdefs.h.  */
| #include <ac_nonexistent.h>
configure:2772: checking for egrep
configure:2782: result: grep -E
configure:2787: checking for ANSI C header files
configure:2812: mips-linux-gcc -c -g -O2  conftest.c >&5
configure:2818: $? = 0
configure:2821: test -z 			 || test ! -s conftest.err
configure:2824: $? = 0
configure:2827: test -s conftest.o
configure:2830: $? = 0
configure:2942: result: yes
configure:2966: checking for sys/types.h
configure:2982: mips-linux-gcc -c -g -O2  conftest.c >&5
configure:2988: $? = 0
configure:2991: test -z 			 || test ! -s conftest.err
configure:2994: $? = 0
configure:2997: test -s conftest.o
configure:3000: $? = 0
configure:3011: result: yes
configure:2966: checking for sys/stat.h
configure:2982: mips-linux-gcc -c -g -O2  conftest.c >&5
configure:2988: $? = 0
configure:2991: test -z 			 || test ! -s conftest.err
configure:2994: $? = 0
configure:2997: test -s conftest.o
configure:3000: $? = 0
configure:3011: result: yes
configure:2966: checking for stdlib.h
configure:2982: mips-linux-gcc -c -g -O2  conftest.c >&5
configure:2988: $? = 0
configure:2991: test -z 			 || test ! -s conftest.err
configure:2994: $? = 0
configure:2997: test -s conftest.o
configure:3000: $? = 0
configure:3011: result: yes
configure:2966: checking for string.h
configure:2982: mips-linux-gcc -c -g -O2  conftest.c >&5
configure:2988: $? = 0
configure:2991: test -z 			 || test ! -s conftest.err
configure:2994: $? = 0
configure:2997: test -s conftest.o
configure:3000: $? = 0
configure:3011: result: yes
configure:2966: checking for memory.h
configure:2982: mips-linux-gcc -c -g -O2  conftest.c >&5
configure:2988: $? = 0
configure:2991: test -z 			 || test ! -s conftest.err
configure:2994: $? = 0
configure:2997: test -s conftest.o
configure:3000: $? = 0
configure:3011: result: yes
configure:2966: checking for strings.h
configure:2982: mips-linux-gcc -c -g -O2  conftest.c >&5
configure:2988: $? = 0
configure:2991: test -z 			 || test ! -s conftest.err
configure:2994: $? = 0
configure:2997: test -s conftest.o
configure:3000: $? = 0
configure:3011: result: yes
configure:2966: checking for inttypes.h
configure:2982: mips-linux-gcc -c -g -O2  conftest.c >&5
configure:2988: $? = 0
configure:2991: test -z 			 || test ! -s conftest.err
configure:2994: $? = 0
configure:2997: test -s conftest.o
configure:3000: $? = 0
configure:3011: result: yes
configure:2966: checking for stdint.h
configure:2982: mips-linux-gcc -c -g -O2  conftest.c >&5
configure:2988: $? = 0
configure:2991: test -z 			 || test ! -s conftest.err
configure:2994: $? = 0
configure:2997: test -s conftest.o
configure:3000: $? = 0
configure:3011: result: yes
configure:2966: checking for unistd.h
configure:2982: mips-linux-gcc -c -g -O2  conftest.c >&5
configure:2988: $? = 0
configure:2991: test -z 			 || test ! -s conftest.err
configure:2994: $? = 0
configure:2997: test -s conftest.o
configure:3000: $? = 0
configure:3011: result: yes
configure:3039: checking sys/time.h usability
configure:3051: mips-linux-gcc -c -g -O2  conftest.c >&5
configure:3057: $? = 0
configure:3060: test -z 			 || test ! -s conftest.err
configure:3063: $? = 0
configure:3066: test -s conftest.o
configure:3069: $? = 0
configure:3079: result: yes
configure:3083: checking sys/time.h presence
configure:3093: mips-linux-gcc -E  conftest.c
configure:3099: $? = 0
configure:3119: result: yes
configure:3154: checking for sys/time.h
configure:3161: result: yes
configure:3039: checking syslog.h usability
configure:3051: mips-linux-gcc -c -g -O2  conftest.c >&5
configure:3057: $? = 0
configure:3060: test -z 			 || test ! -s conftest.err
configure:3063: $? = 0
configure:3066: test -s conftest.o
configure:3069: $? = 0
configure:3079: result: yes
configure:3083: checking syslog.h presence
configure:3093: mips-linux-gcc -E  conftest.c
configure:3099: $? = 0
configure:3119: result: yes
configure:3154: checking for syslog.h
configure:3161: result: yes
configure:3030: checking for unistd.h
configure:3035: result: yes
configure:3175: checking for an ANSI C-conforming const
configure:3242: mips-linux-gcc -c -g -O2  conftest.c >&5
configure:3248: $? = 0
configure:3251: test -z 			 || test ! -s conftest.err
configure:3254: $? = 0
configure:3257: test -s conftest.o
configure:3260: $? = 0
configure:3271: result: yes
configure:3281: checking for inline
configure:3302: mips-linux-gcc -c -g -O2  conftest.c >&5
configure:3308: $? = 0
configure:3311: test -z 			 || test ! -s conftest.err
configure:3314: $? = 0
configure:3317: test -s conftest.o
configure:3320: $? = 0
configure:3332: result: inline
configure:3351: checking whether time.h and sys/time.h may both be included
configure:3376: mips-linux-gcc -c -g -O2  conftest.c >&5
configure:3382: $? = 0
configure:3385: test -z 			 || test ! -s conftest.err
configure:3388: $? = 0
configure:3391: test -s conftest.o
configure:3394: $? = 0
configure:3405: result: yes
configure:3415: checking whether byte ordering is bigendian
configure:3442: mips-linux-gcc -c -g -O2  conftest.c >&5
configure:3448: $? = 0
configure:3451: test -z 			 || test ! -s conftest.err
configure:3454: $? = 0
configure:3457: test -s conftest.o
configure:3460: $? = 0
configure:3484: mips-linux-gcc -c -g -O2  conftest.c >&5
configure:3490: $? = 0
configure:3493: test -z 			 || test ! -s conftest.err
configure:3496: $? = 0
configure:3499: test -s conftest.o
configure:3502: $? = 0
configure:3623: result: yes
configure:3648: checking for gettimeofday
configure:3705: mips-linux-gcc -o conftest -g -O2   conftest.c -lm   >&5
configure:3711: $? = 0
configure:3714: test -z 			 || test ! -s conftest.err
configure:3717: $? = 0
configure:3720: test -s conftest
configure:3723: $? = 0
configure:3735: result: yes
configure:3746: checking for socket in -lsocket
configure:3776: mips-linux-gcc -o conftest -g -O2   conftest.c -lsocket  -lm   >&5
/opt/mips-linux-uclibc-4.9.3/usr/bin/../lib/gcc/mips-buildroot-linux-uclibc/4.9.3/../../../../mips-buildroot-linux-uclibc/bin/ld: cannot find -lsocket
collect2: error: ld returned 1 exit status
configure:3782: $? = 1
configure: failed program was:
| /* confdefs.h.  */
| 
| #define PACKAGE_NAME ""
| #define PACKAGE_TARNAME ""
| #define PACKAGE_VERSION ""
| #define PACKAGE_STRING ""
| #define PACKAGE_BUGREPORT ""
| #define STDC_HEADERS 1
| #define HAVE_SYS_TYPES_H 1
| #define HAVE_SYS_STAT_H 1
| #define HAVE_STDLIB_H 1
| #define HAVE_STRING_H 1
| #define HAVE_MEMORY_H 1
| #define HAVE_STRINGS_H 1
| #define HAVE_INTTYPES_H 1
| #define HAVE_STDINT_H 1
| #define HAVE_UNISTD_H 1
| #define HAVE_SYS_TIME_H 1
| #define HAVE_SYSLOG_H 1
| #define HAVE_UNISTD_H 1
| #define TIME_WITH_SYS_TIME 1
| #define WORDS_BIGENDIAN 1
| #define HAVE_GETTIMEOFDAY 1
| /* end confdefs.h.  */
| 
| /* Override any gcc2 internal prototype to avoid an error.  */
| #ifdef __cplusplus
| extern "C"
| #endif
| /* We use char because int might match the return type of a gcc2
|    builtin and then its argument prototype would still apply.  */
| char socket ();
| int
| main ()
| {
| socket ();
|   ;
|   return 0;
| }
configure:3807: result: no
configure:3819: checking for gethostbyname in -lnsl
configure:3849: mips-linux-gcc -o conftest -g -O2   conftest.c -lnsl  -lm   >&5
/tmp/ccie66On.o: In function `main':
/home/jiamu/work/luochao/compat-packages-openwrt/traffic-insight-cmcc/libnids-1.24/conftest.c:36: warning: gethostbyname is obsolescent, use getnameinfo() instead.
configure:3855: $? = 0
configure:3858: test -z 			 || test ! -s conftest.err
configure:3861: $? = 0
configure:3864: test -s conftest
configure:3867: $? = 0
configure:3880: result: yes
configure:3908: checking for libpcap
configure:4002: result: yes
configure:4013: result: skipping glib2 support
configure:4367: checking for libnet
configure:4404: result: /home/jiamu/work/luochao/compat-packages-openwrt/traffic-insight-cmcc/libnids-1.24/../_install
configure:4418: error: libnet

## ---------------- ##
## Cache variables. ##
## ---------------- ##

ac_cv_build=x86_64-unknown-linux-gnu
ac_cv_build_alias=x86_64-unknown-linux-gnu
ac_cv_c_bigendian=yes
ac_cv_c_compiler_gnu=yes
ac_cv_c_const=yes
ac_cv_c_inline=inline
ac_cv_env_CC_set=
ac_cv_env_CC_value=
ac_cv_env_CFLAGS_set=
ac_cv_env_CFLAGS_value=
ac_cv_env_CPPFLAGS_set=
ac_cv_env_CPPFLAGS_value=
ac_cv_env_CPP_set=
ac_cv_env_CPP_value=
ac_cv_env_GLIB_CFLAGS_set=
ac_cv_env_GLIB_CFLAGS_value=
ac_cv_env_GLIB_LIBS_set=
ac_cv_env_GLIB_LIBS_value=
ac_cv_env_GTHREAD_CFLAGS_set=
ac_cv_env_GTHREAD_CFLAGS_value=
ac_cv_env_GTHREAD_LIBS_set=
ac_cv_env_GTHREAD_LIBS_value=
ac_cv_env_LDFLAGS_set=
ac_cv_env_LDFLAGS_value=
ac_cv_env_PKG_CONFIG_set=
ac_cv_env_PKG_CONFIG_value=
ac_cv_env_build_alias_set=
ac_cv_env_build_alias_value=
ac_cv_env_host_alias_set=set
ac_cv_env_host_alias_value=mips-linux
ac_cv_env_target_alias_set=set
ac_cv_env_target_alias_value=mips-linux
ac_cv_exeext=
ac_cv_func_gettimeofday=yes
ac_cv_header_inttypes_h=yes
ac_cv_header_memory_h=yes
ac_cv_header_stdc=yes
ac_cv_header_stdint_h=yes
ac_cv_header_stdlib_h=yes
ac_cv_header_string_h=yes
ac_cv_header_strings_h=yes
ac_cv_header_sys_stat_h=yes
ac_cv_header_sys_time_h=yes
ac_cv_header_sys_types_h=yes
ac_cv_header_syslog_h=yes
ac_cv_header_time=yes
ac_cv_header_unistd_h=yes
ac_cv_host=mips-mips-linux-gnu
ac_cv_host_alias=mips-linux
ac_cv_lbl_unaligned_fail=yes
ac_cv_lib_nsl_gethostbyname=yes
ac_cv_lib_socket_socket=no
ac_cv_objext=o
ac_cv_path_install='/usr/bin/install -c'
ac_cv_prog_CC=mips-linux-gcc
ac_cv_prog_CPP='mips-linux-gcc -E'
ac_cv_prog_RANLIB=mips-linux-ranlib
ac_cv_prog_cc_g=yes
ac_cv_prog_cc_stdc=
ac_cv_prog_egrep='grep -E'
ac_cv_target=mips-mips-linux-gnu
ac_cv_target_alias=mips-linux

## ----------------- ##
## Output variables. ##
## ----------------- ##

BUILD_SHARED=''
CC='mips-linux-gcc'
CFLAGS='-g -O2'
CPP='mips-linux-gcc -E'
CPPFLAGS=''
DEFS=''
ECHO_C=''
ECHO_N='-n'
ECHO_T=''
EGREP='grep -E'
EXEEXT=''
GLIB_CFLAGS=''
GLIB_LIBS=''
GTHREAD_CFLAGS=''
GTHREAD_LIBS=''
HAVE_BSD_UDPHDR=''
ICMPHEADER=''
INSTALL_DATA='${INSTALL} -m 644'
INSTALL_PROGRAM='${INSTALL}'
INSTALL_SCRIPT='${INSTALL}'
LDFLAGS=''
LIBNET_VER=''
LIBOBJS=''
LIBS='-lnsl -lm  '
LNETLIB=''
LNET_CFLAGS=''
LTLIBOBJS=''
OBJEXT='o'
PACKAGE_BUGREPORT=''
PACKAGE_NAME=''
PACKAGE_STRING=''
PACKAGE_TARNAME=''
PACKAGE_VERSION=''
PATH_SEPARATOR=':'
PCAPLIB='-L/home/jiamu/work/luochao/compat-packages-openwrt/traffic-insight-cmcc/libnids-1.24/../_install/lib -lpcap'
PCAP_CFLAGS='-I/home/jiamu/work/luochao/compat-packages-openwrt/traffic-insight-cmcc/libnids-1.24/../_install/include'
PKG_CONFIG=''
RANLIB='mips-linux-ranlib'
SHELL='/bin/bash'
TCPSTATES=''
ac_ct_CC=''
ac_ct_RANLIB=''
ac_pt_PKG_CONFIG=''
bindir='${exec_prefix}/bin'
build='x86_64-unknown-linux-gnu'
build_alias=''
build_cpu='x86_64'
build_os='linux-gnu'
build_vendor='unknown'
datadir='${prefix}/share'
exec_prefix='/home/jiamu/work/luochao/compat-packages-openwrt/traffic-insight-cmcc/libnids-1.24/../_install'
host='mips-mips-linux-gnu'
host_alias='mips-linux'
host_cpu='mips'
host_os='linux-gnu'
host_vendor='mips'
includedir='${prefix}/include'
infodir='${prefix}/info'
libdir='${exec_prefix}/lib'
libexecdir='${exec_prefix}/libexec'
localstatedir='${prefix}/var'
mandir='${prefix}/man'
oldincludedir='/usr/include'
prefix='/home/jiamu/work/luochao/compat-packages-openwrt/traffic-insight-cmcc/libnids-1.24/../_install'
program_transform_name='s,x,x,'
sbindir='${exec_prefix}/sbin'
sharedstatedir='${prefix}/com'
sysconfdir='${prefix}/etc'
target='mips-mips-linux-gnu'
target_alias='mips-linux'
target_cpu='mips'
target_os='linux-gnu'
target_vendor='mips'

## ----------- ##
## confdefs.h. ##
## ----------- ##

#define HAVE_GETTIMEOFDAY 1
#define HAVE_INTTYPES_H 1
#define HAVE_LIBNSL 1
#define HAVE_MEMORY_H 1
#define HAVE_STDINT_H 1
#define HAVE_STDLIB_H 1
#define HAVE_STRINGS_H 1
#define HAVE_STRING_H 1
#define HAVE_SYSLOG_H 1
#define HAVE_SYS_STAT_H 1
#define HAVE_SYS_TIME_H 1
#define HAVE_SYS_TYPES_H 1
#define HAVE_UNISTD_H 1
#define HAVE_UNISTD_H 1
#define LBL_ALIGN 1
#define PACKAGE_BUGREPORT ""
#define PACKAGE_NAME ""
#define PACKAGE_STRING ""
#define PACKAGE_TARNAME ""
#define PACKAGE_VERSION ""
#define STDC_HEADERS 1
#define TIME_WITH_SYS_TIME 1
#define WORDS_BIGENDIAN 1

configure: exit 1
